<?xml version="1.0" encoding="utf-8"?><testsuites name="pytest tests"><testsuite name="pytest" errors="0" failures="0" skipped="0" tests="12" time="0.479" timestamp="2026-09-03T22:25:13.666241+05:30" hostname="NDI-LAP-347"><testcase classname="tests.unit.test_billing_upgrade_contract" name="test_preview_functional_and_response_code" time="0.019" /><testcase classname="tests.unit.test_billing_upgrade_contract" name="test_upgrade_functional_and_response_code" time="0.006" /><testcase classname="tests.unit.test_billing_upgrade_contract" name="test_preview_401_when_unauthenticated" time="0.007" /><testcase classname="tests.unit.test_billing_upgrade_contract" name="test_upgrade_401_when_unauthenticated" time="0.006" /><testcase classname="tests.unit.test_billing_upgrade_contract" name="test_preview_409_error_shape" time="0.006" /><testcase classname="tests.unit.test_billing_upgrade_contract" name="test_upgrade_409_error_shape" time="0.010" /><testcase classname="tests.unit.test_billing_upgrade_contract" name="test_upgrade_402_error_shape" time="0.009" /><testcase classname="tests.unit.test_billing_upgrade_contract" name="test_preview_missing_required_email_returns_422" time="0.008" /><testcase classname="tests.unit.test_billing_upgrade_contract" name="test_upgrade_missing_required_email_returns_422" time="0.004" /><testcase classname="tests.unit.test_billing_upgrade_contract" name="test_upgrade_wrong_type_for_email_returns_422" time="0.006" /><testcase classname="tests.unit.test_billing_upgrade_contract" name="test_preview_response_schema" time="0.005" /><testcase classname="tests.unit.test_billing_upgrade_contract" name="test_upgrade_success_response_schema" time="0.007" /></testsuite></testsuites>