<?xml version="1.0" encoding="utf-8"?><testsuites name="pytest tests"><testsuite name="pytest" errors="0" failures="0" skipped="0" tests="10" time="1.480" timestamp="2026-09-11T16:47:19.895082+05:30" hostname="NDI-LAP-347"><testcase classname="tests.behavior.steps.test_story_1_1" name="test_standard_subscriber_sees_the_upgrade_cta" time="0.025" /><testcase classname="tests.behavior.steps.test_story_1_1" name="test_plan_badge_reflects_the_real_plan" time="0.012" /><testcase classname="tests.behavior.steps.test_story_1_1" name="test_confirmation_preview_shows_the_exact_prorated_charge" time="0.018" /><testcase classname="tests.behavior.steps.test_story_1_1" name="test_proration_preview_endpoint_returns_the_documented_contract" time="0.027" /><testcase classname="tests.behavior.steps.test_story_1_1" name="test_successful_upgrade_charges_the_prorated_amount_and_flips_the_plan" time="0.015" /><testcase classname="tests.behavior.steps.test_story_1_1" name="test_upgrade_applies_premium_quotas_and_preserves_the_renewal_date" time="0.026" /><testcase classname="tests.behavior.steps.test_story_1_1" name="test_declined_payment_leaves_the_subscriber_on_standard" time="0.015" /><testcase classname="tests.behavior.steps.test_story_1_1" name="test_alreadypremium_subscriber_cannot_upgrade_again" time="0.017" /><testcase classname="tests.behavior.steps.test_story_1_1" name="test_alreadypremium_subscriber_cannot_be_charged_again_via_the_upgrade_endpoint" time="0.026" /><testcase classname="tests.behavior.steps.test_story_1_1" name="test_unauthenticated_caller_is_rejected" time="0.013" /></testsuite></testsuites>