<?xml version="1.0" encoding="utf-8"?><testsuites name="pytest tests"><testsuite name="pytest" errors="0" failures="0" skipped="0" tests="11" time="0.539" timestamp="2026-09-03T22:24:01.966449+05:30" hostname="NDI-LAP-347"><testcase classname="tests.behavior.test_cycle_epic_local_1" name="test_a_standard_subscriber_upgrades_end_to_end_and_sees_premium_reflected_everywhere" time="0.026" /><testcase classname="tests.behavior.test_cycle_epic_local_1" name="test_a_declined_payment_leaves_the_subscriber_on_standard_end_to_end" time="0.016" /><testcase classname="tests.behavior.test_story_1" name="test_standard_subscriber_sees_the_upgrade_to_premium_cta_and_dynamic_plan_badge" time="0.007" /><testcase classname="tests.behavior.test_story_1" name="test_premium_subscriber_sees_no_upgrade_to_premium_cta" time="0.006" /><testcase classname="tests.behavior.test_story_1" name="test_proration_preview_returns_the_exact_servercomputed_charge" time="0.006" /><testcase classname="tests.behavior.test_story_1" name="test_successful_upgrade_flips_the_plan_and_updates_quotas" time="0.006" /><testcase classname="tests.behavior.test_story_1" name="test_billing_page_reflects_the_successful_upgrade" time="0.018" /><testcase classname="tests.behavior.test_story_1" name="test_declined_payment_leaves_standard_plan_untouched" time="0.010" /><testcase classname="tests.behavior.test_story_1" name="test_alreadypremium_guard_on_the_preview_endpoint" time="0.006" /><testcase classname="tests.behavior.test_story_1" name="test_alreadypremium_guard_on_the_upgrade_endpoint" time="0.007" /><testcase classname="tests.behavior.test_story_1" name="test_auth_tasks_login_and_registration_endpoints_are_unaffected" time="0.014" /></testsuite></testsuites>